pubmanager/app/build_bk/intermediates/manifest_merge_blame_file/debug/manifest-merger-blame-debug-report.txt
1<?xml version="1.0" encoding="utf-8"?>
2<manifest xmlns:android="http://schemas.android.com/apk/res/android"
3    package="com.pubmanager.pubmanagerapp"
4    android:versionCode="1"
5    android:versionName="1.0" >
6
7    <uses-sdk
8        android:minSdkVersion="26"
8-->src\main\AndroidManifest.xml
9        android:targetSdkVersion="31" />
9-->src\main\AndroidManifest.xml
10    <!-- Internet Permission -->
11    <uses-permission android:name="android.permission.INTERNET" />
11-->src\main\AndroidManifest.xml:5:5-67
11-->src\main\AndroidManifest.xml:5:22-64
12    <uses-permission android:name="android.permission.ACCESS_NETWORK_STATE" />
12-->[com.google.firebase:firebase-messaging:22.0.0] AndroidManifest.xml:22:5-79
12-->[com.google.firebase:firebase-messaging:22.0.0] AndroidManifest.xml:22:22-76
13    <uses-permission android:name="android.permission.WAKE_LOCK" /> <!-- Required by older versions of Google Play services to create IID tokens -->
13-->[com.google.firebase:firebase-messaging:22.0.0] AndroidManifest.xml:23:5-68
13-->[com.google.firebase:firebase-messaging:22.0.0] AndroidManifest.xml:23:22-65
14    <uses-permission android:name="com.google.android.c2dm.permission.RECEIVE" />
14-->[com.google.firebase:firebase-messaging:22.0.0] AndroidManifest.xml:25:5-82
14-->[com.google.firebase:firebase-messaging:22.0.0] AndroidManifest.xml:25:22-79
15    <uses-permission android:name="com.google.android.finsky.permission.BIND_GET_INSTALL_REFERRER_SERVICE" />
15-->[com.google.android.gms:play-services-measurement:19.0.2] AndroidManifest.xml:26:5-110
15-->[com.google.android.gms:play-services-measurement:19.0.2] AndroidManifest.xml:26:22-107
16
17    <application
17-->src\main\AndroidManifest.xml:7:5-68:19
18        android:allowBackup="true"
18-->src\main\AndroidManifest.xml:8:9-35
19        android:appComponentFactory="androidx.core.app.CoreComponentFactory"
19-->[androidx.core:core:1.5.0] AndroidManifest.xml:24:18-86
20        android:debuggable="true"
21        android:extractNativeLibs="false"
22        android:icon="@mipmap/ic_launcher"
22-->src\main\AndroidManifest.xml:9:9-43
23        android:label="@string/app_name"
23-->src\main\AndroidManifest.xml:10:9-41
24        android:roundIcon="@mipmap/ic_launcher_round"
24-->src\main\AndroidManifest.xml:11:9-54
25        android:supportsRtl="true"
25-->src\main\AndroidManifest.xml:12:9-35
26        android:testOnly="true"
27        android:theme="@style/Theme.PUBManager"
27-->src\main\AndroidManifest.xml:13:9-48
28        android:usesCleartextTraffic="true" >
28-->src\main\AndroidManifest.xml:14:9-44
29        <activity
29-->src\main\AndroidManifest.xml:15:9-17:39
30            android:name="com.pubmanager.pubmanager.activities.categoryExpenses.CategoryExpensesRecycleViewActivity"
30-->src\main\AndroidManifest.xml:16:13-92
31            android:exported="true" />
31-->src\main\AndroidManifest.xml:17:13-36
32        <activity
32-->src\main\AndroidManifest.xml:18:9-20:39
33            android:name="com.pubmanager.pubmanager.activities.CategoryExpensesActivity"
33-->src\main\AndroidManifest.xml:19:13-64
34            android:exported="true" />
34-->src\main\AndroidManifest.xml:20:13-36
35        <activity
35-->src\main\AndroidManifest.xml:21:9-23:39
36            android:name="com.pubmanager.pubmanager.activities.SharedPreferencesActivity"
36-->src\main\AndroidManifest.xml:22:13-65
37            android:exported="true" />
37-->src\main\AndroidManifest.xml:23:13-36
38        <activity
38-->src\main\AndroidManifest.xml:24:9-26:39
39            android:name="com.pubmanager.pubmanager.activities.UserExpensesAnalyticsActivity"
39-->src\main\AndroidManifest.xml:25:13-69
40            android:exported="true" />
40-->src\main\AndroidManifest.xml:26:13-36
41        <activity
41-->src\main\AndroidManifest.xml:27:9-29:39
42            android:name="com.pubmanager.pubmanager.activities.Movie$CategoriesCardViewListActivity"
42-->src\main\AndroidManifest.xml:28:13-76
43            android:exported="true" />
43-->src\main\AndroidManifest.xml:29:13-36
44        <activity
44-->src\main\AndroidManifest.xml:30:9-32:39
45            android:name="com.pubmanager.pubmanager.activities.CategoriesListViewActivity"
45-->src\main\AndroidManifest.xml:31:13-66
46            android:exported="true" />
46-->src\main\AndroidManifest.xml:32:13-36
47        <activity
47-->src\main\AndroidManifest.xml:33:9-35:39
48            android:name="com.pubmanager.pubmanager.activities.expenses.ListExpensesActivity"
48-->src\main\AndroidManifest.xml:34:13-69
49            android:exported="true" />
49-->src\main\AndroidManifest.xml:35:13-36
50        <activity
50-->src\main\AndroidManifest.xml:36:9-38:39
51            android:name="com.pubmanager.pubmanager.activities.expenses.ExpensesViewActivity"
51-->src\main\AndroidManifest.xml:37:13-69
52            android:exported="true" />
52-->src\main\AndroidManifest.xml:38:13-36
53        <activity
53-->src\main\AndroidManifest.xml:39:9-41:39
54            android:name="com.pubmanager.pubmanager.activities.UserCategoryActivity"
54-->src\main\AndroidManifest.xml:40:13-60
55            android:exported="true" />
55-->src\main\AndroidManifest.xml:41:13-36
56        <activity
56-->src\main\AndroidManifest.xml:42:9-44:39
57            android:name="com.pubmanager.pubmanager.activities.UserTransactionActivity"
57-->src\main\AndroidManifest.xml:43:13-63
58            android:exported="true" />
58-->src\main\AndroidManifest.xml:44:13-36
59        <activity
59-->src\main\AndroidManifest.xml:45:9-47:39
60            android:name="com.pubmanager.pubmanager.activities.HomeActivity"
60-->src\main\AndroidManifest.xml:46:13-52
61            android:exported="true" />
61-->src\main\AndroidManifest.xml:47:13-36
62        <activity
62-->src\main\AndroidManifest.xml:48:9-50:39
63            android:name="com.pubmanager.pubmanager.activities.SignUpActivity"
63-->src\main\AndroidManifest.xml:49:13-54
64            android:exported="true" />
64-->src\main\AndroidManifest.xml:50:13-36
65        <activity
65-->src\main\AndroidManifest.xml:51:9-59:20
66            android:name="com.pubmanager.pubmanager.activities.MainActivity"
66-->src\main\AndroidManifest.xml:52:13-52
67            android:exported="true" >
67-->src\main\AndroidManifest.xml:53:13-36
68            <intent-filter>
68-->src\main\AndroidManifest.xml:54:13-58:29
69                <action android:name="android.intent.action.MAIN" />
69-->src\main\AndroidManifest.xml:55:17-69
69-->src\main\AndroidManifest.xml:55:25-66
70
71                <category android:name="android.intent.category.LAUNCHER" />
71-->src\main\AndroidManifest.xml:57:17-77
71-->src\main\AndroidManifest.xml:57:27-74
72            </intent-filter>
73        </activity>
74
75        <service
75-->src\main\AndroidManifest.xml:61:9-67:19
76            android:name="com.pubmanager.pubmanager.fcmmessaging.FirebaseMessageReceiver"
76-->src\main\AndroidManifest.xml:62:13-65
77            android:exported="false" >
77-->src\main\AndroidManifest.xml:63:13-37
78            <intent-filter>
78-->src\main\AndroidManifest.xml:64:13-66:29
79                <action android:name="com.google.firebase.MESSAGING_EVENT" />
79-->src\main\AndroidManifest.xml:65:17-78
79-->src\main\AndroidManifest.xml:65:25-75
80            </intent-filter>
81        </service>
82
83        <receiver
83-->[com.google.firebase:firebase-messaging:22.0.0] AndroidManifest.xml:28:9-35:20
84            android:name="com.google.firebase.iid.FirebaseInstanceIdReceiver"
84-->[com.google.firebase:firebase-messaging:22.0.0] AndroidManifest.xml:29:13-78
85            android:exported="true"
85-->[com.google.firebase:firebase-messaging:22.0.0] AndroidManifest.xml:30:13-36
86            android:permission="com.google.android.c2dm.permission.SEND" >
86-->[com.google.firebase:firebase-messaging:22.0.0] AndroidManifest.xml:31:13-73
87            <intent-filter>
87-->[com.google.firebase:firebase-messaging:22.0.0] AndroidManifest.xml:32:13-34:29
88                <action android:name="com.google.android.c2dm.intent.RECEIVE" />
88-->[com.google.firebase:firebase-messaging:22.0.0] AndroidManifest.xml:33:17-81
88-->[com.google.firebase:firebase-messaging:22.0.0] AndroidManifest.xml:33:25-78
89            </intent-filter>
90        </receiver>
91        <!--
92             FirebaseMessagingService performs security checks at runtime,
93             but set to not exported to explicitly avoid allowing another app to call it.
94        -->
95        <service
95-->[com.google.firebase:firebase-messaging:22.0.0] AndroidManifest.xml:41:9-48:19
96            android:name="com.google.firebase.messaging.FirebaseMessagingService"
96-->[com.google.firebase:firebase-messaging:22.0.0] AndroidManifest.xml:42:13-82
97            android:directBootAware="true"
97-->[com.google.firebase:firebase-messaging:22.0.0] AndroidManifest.xml:43:13-43
98            android:exported="false" >
98-->[com.google.firebase:firebase-messaging:22.0.0] AndroidManifest.xml:44:13-37
99            <intent-filter android:priority="-500" >
99-->src\main\AndroidManifest.xml:64:13-66:29
100                <action android:name="com.google.firebase.MESSAGING_EVENT" />
100-->src\main\AndroidManifest.xml:65:17-78
100-->src\main\AndroidManifest.xml:65:25-75
101            </intent-filter>
102        </service>
103        <service
103-->[com.google.firebase:firebase-messaging:22.0.0] AndroidManifest.xml:49:9-55:19
104            android:name="com.google.firebase.components.ComponentDiscoveryService"
104-->[com.google.firebase:firebase-messaging:22.0.0] AndroidManifest.xml:50:13-84
105            android:directBootAware="true"
105-->[com.google.firebase:firebase-common:20.0.0] AndroidManifest.xml:35:13-43
106            android:exported="false" >
106-->[com.google.firebase:firebase-messaging:22.0.0] AndroidManifest.xml:51:13-37
107            <meta-data
107-->[com.google.firebase:firebase-messaging:22.0.0] AndroidManifest.xml:52:13-54:85
108                android:name="com.google.firebase.components:com.google.firebase.messaging.FirebaseMessagingRegistrar"
108-->[com.google.firebase:firebase-messaging:22.0.0] AndroidManifest.xml:53:17-119
109                android:value="com.google.firebase.components.ComponentRegistrar" />
109-->[com.google.firebase:firebase-messaging:22.0.0] AndroidManifest.xml:54:17-82
110            <meta-data
110-->[com.google.firebase:firebase-datatransport:18.0.0] AndroidManifest.xml:28:13-30:85
111                android:name="com.google.firebase.components:com.google.firebase.datatransport.TransportRegistrar"
111-->[com.google.firebase:firebase-datatransport:18.0.0] AndroidManifest.xml:29:17-115
112                android:value="com.google.firebase.components.ComponentRegistrar" />
112-->[com.google.firebase:firebase-datatransport:18.0.0] AndroidManifest.xml:30:17-82
113            <meta-data
113-->[com.google.android.gms:play-services-measurement-api:19.0.2] AndroidManifest.xml:30:13-32:85
114                android:name="com.google.firebase.components:com.google.firebase.analytics.connector.internal.AnalyticsConnectorRegistrar"
114-->[com.google.android.gms:play-services-measurement-api:19.0.2] AndroidManifest.xml:31:17-139
115                android:value="com.google.firebase.components.ComponentRegistrar" />
115-->[com.google.android.gms:play-services-measurement-api:19.0.2] AndroidManifest.xml:32:17-82
116            <meta-data
116-->[com.google.firebase:firebase-installations:17.0.0] AndroidManifest.xml:18:13-20:85
117                android:name="com.google.firebase.components:com.google.firebase.installations.FirebaseInstallationsRegistrar"
117-->[com.google.firebase:firebase-installations:17.0.0] AndroidManifest.xml:19:17-127
118                android:value="com.google.firebase.components.ComponentRegistrar" />
118-->[com.google.firebase:firebase-installations:17.0.0] AndroidManifest.xml:20:17-82
119        </service>
120        <service
120-->[com.google.android.datatransport:transport-backend-cct:3.0.0] AndroidManifest.xml:29:9-35:19
121            android:name="com.google.android.datatransport.runtime.backends.TransportBackendDiscovery"
121-->[com.google.android.datatransport:transport-backend-cct:3.0.0] AndroidManifest.xml:30:13-103
122            android:exported="false" >
122-->[com.google.android.datatransport:transport-backend-cct:3.0.0] AndroidManifest.xml:31:13-37
123            <meta-data
123-->[com.google.android.datatransport:transport-backend-cct:3.0.0] AndroidManifest.xml:32:13-34:39
124                android:name="backend:com.google.android.datatransport.cct.CctBackendFactory"
124-->[com.google.android.datatransport:transport-backend-cct:3.0.0] AndroidManifest.xml:33:17-94
125                android:value="cct" />
125-->[com.google.android.datatransport:transport-backend-cct:3.0.0] AndroidManifest.xml:34:17-36
126        </service>
127
128        <provider
128-->[com.google.firebase:firebase-common:20.0.0] AndroidManifest.xml:26:9-31:39
129            android:name="com.google.firebase.provider.FirebaseInitProvider"
129-->[com.google.firebase:firebase-common:20.0.0] AndroidManifest.xml:27:13-77
130            android:authorities="com.pubmanager.pubmanagerapp.firebaseinitprovider"
130-->[com.google.firebase:firebase-common:20.0.0] AndroidManifest.xml:28:13-72
131            android:directBootAware="true"
131-->[com.google.firebase:firebase-common:20.0.0] AndroidManifest.xml:29:13-43
132            android:exported="false"
132-->[com.google.firebase:firebase-common:20.0.0] AndroidManifest.xml:30:13-37
133            android:initOrder="100" />
133-->[com.google.firebase:firebase-common:20.0.0] AndroidManifest.xml:31:13-36
134
135        <receiver
135-->[com.google.android.gms:play-services-measurement:19.0.2] AndroidManifest.xml:29:9-33:20
136            android:name="com.google.android.gms.measurement.AppMeasurementReceiver"
136-->[com.google.android.gms:play-services-measurement:19.0.2] AndroidManifest.xml:30:13-85
137            android:enabled="true"
137-->[com.google.android.gms:play-services-measurement:19.0.2] AndroidManifest.xml:31:13-35
138            android:exported="false" >
138-->[com.google.android.gms:play-services-measurement:19.0.2] AndroidManifest.xml:32:13-37
139        </receiver>
140
141        <service
141-->[com.google.android.gms:play-services-measurement:19.0.2] AndroidManifest.xml:35:9-38:40
142            android:name="com.google.android.gms.measurement.AppMeasurementService"
142-->[com.google.android.gms:play-services-measurement:19.0.2] AndroidManifest.xml:36:13-84
143            android:enabled="true"
143-->[com.google.android.gms:play-services-measurement:19.0.2] AndroidManifest.xml:37:13-35
144            android:exported="false" />
144-->[com.google.android.gms:play-services-measurement:19.0.2] AndroidManifest.xml:38:13-37
145        <service
145-->[com.google.android.gms:play-services-measurement:19.0.2] AndroidManifest.xml:39:9-43:72
146            android:name="com.google.android.gms.measurement.AppMeasurementJobService"
146-->[com.google.android.gms:play-services-measurement:19.0.2] AndroidManifest.xml:40:13-87
147            android:enabled="true"
147-->[com.google.android.gms:play-services-measurement:19.0.2] AndroidManifest.xml:41:13-35
148            android:exported="false"
148-->[com.google.android.gms:play-services-measurement:19.0.2] AndroidManifest.xml:42:13-37
149            android:permission="android.permission.BIND_JOB_SERVICE" />
149-->[com.google.android.gms:play-services-measurement:19.0.2] AndroidManifest.xml:43:13-69
150
151        <meta-data
151-->[com.google.android.gms:play-services-basement:17.0.0] AndroidManifest.xml:23:9-25:69
152            android:name="com.google.android.gms.version"
152-->[com.google.android.gms:play-services-basement:17.0.0] AndroidManifest.xml:24:13-58
153            android:value="@integer/google_play_services_version" />
153-->[com.google.android.gms:play-services-basement:17.0.0] AndroidManifest.xml:25:13-66
154
155        <service
155-->[com.google.android.datatransport:transport-runtime:3.0.0] AndroidManifest.xml:26:9-30:19
156            android:name="com.google.android.datatransport.runtime.scheduling.jobscheduling.JobInfoSchedulerService"
156-->[com.google.android.datatransport:transport-runtime:3.0.0] AndroidManifest.xml:27:13-117
157            android:exported="false"
157-->[com.google.android.datatransport:transport-runtime:3.0.0] AndroidManifest.xml:28:13-37
158            android:permission="android.permission.BIND_JOB_SERVICE" >
158-->[com.google.android.datatransport:transport-runtime:3.0.0] AndroidManifest.xml:29:13-69
159        </service>
160
161        <receiver
161-->[com.google.android.datatransport:transport-runtime:3.0.0] AndroidManifest.xml:32:9-34:40
162            android:name="com.google.android.datatransport.runtime.scheduling.jobscheduling.AlarmManagerSchedulerBroadcastReceiver"
162-->[com.google.android.datatransport:transport-runtime:3.0.0] AndroidManifest.xml:33:13-132
163            android:exported="false" />
163-->[com.google.android.datatransport:transport-runtime:3.0.0] AndroidManifest.xml:34:13-37
164    </application>
165
166</manifest>